[2015-09-15 10:33:06] local.ERROR: exception 'ErrorException' with message 'Undefined variable: data' in /homepages/34/d339594821/htdocs/subdomain/bobby/app/Http/Controllers/UsersController.php:37
Stack trace:
#0 /homepages/34/d339594821/htdocs/subdomain/bobby/app/Http/Controllers/UsersController.php(37): Illuminate\Foundation\Bootstrap\HandleExceptions->handleError(8, 'Undefined varia...', '/homepages/34/d...', 37, Array)
#1 [internal function]: App\Http\Controllers\UsersController->register()
#2 /homepages/34/d339594821/htdocs/subdomain/bobby/vendor/laravel/framework/src/Illuminate/Routing/Controller.php(246): call_user_func_array(Array, Array)
#3 /homepages/34/d339594821/htdocs/subdomain/bobby/vendor/laravel/framework/src/Illuminate/Routing/ControllerDispatcher.php(162): Illuminate\Routing\Controller->callAction('register', Array)
#4 /homepages/34/d339594821/htdocs/subdomain/bobby/vendor/laravel/framework/src/Illuminate/Routing/ControllerDispatcher.php(107): Illuminate\Routing\ControllerDispatcher->call(Object(App\Http\Controllers\UsersController), Object(Illuminate\Routing\Route), 'register')
#5 [internal function]: Illuminate\Routing\ControllerDispatcher->Illuminate\Routing\{closure}(Object(Illuminate\Http\Request))
#6 /homepages/34/d339594821/htdocs/subdomain/bobby/vendor/laravel/framework/src/Illuminate/Pipeline/Pipeline.php(141): call_user_func(Object(Closure), Object(Illuminate\Http\Request))
#7 [internal function]: Illuminate\Pipeline\Pipeline->Illuminate\Pipeline\{closure}(Object(Illuminate\Http\Request))
#8 /homepages/34/d339594821/htdocs/subdomain/bobby/vendor/laravel/framework/src/Illuminate/Pipeline/Pipeline.php(101): call_user_func(Object(Closure), Object(Illuminate\Http\Request))
#9 /homepages/34/d339594821/htdocs/subdomain/bobby/vendor/laravel/framework/src/Illuminate/Routing/ControllerDispatcher.php(108): Illuminate\Pipeline\Pipeline->then(Object(Closure))
#10 /homepages/34/d339594821/htdocs/subdomain/bobby/vendor/laravel/framework/src/Illuminate/Routing/ControllerDispatcher.php(67): Illuminate\Routing\ControllerDispatcher->callWithinStack(Object(App\Http\Controllers\UsersController), Object(Illuminate\Routing\Route), Object(Illuminate\Http\Request), 'register')
#11 /homepages/34/d339594821/htdocs/subdomain/bobby/vendor/laravel/framework/src/Illuminate/Routing/Route.php(204): Illuminate\Routing\ControllerDispatcher->dispatch(Object(Illuminate\Routing\Route), Object(Illuminate\Http\Request), 'App\\Http\\Contro...', 'register')
#12 /homepages/34/d339594821/htdocs/subdomain/bobby/vendor/laravel/framework/src/Illuminate/Routing/Route.php(134): Illuminate\Routing\Route->runWithCustomDispatcher(Object(Illuminate\Http\Request))
#13 /homepages/34/d339594821/htdocs/subdomain/bobby/vendor/laravel/framework/src/Illuminate/Routing/Router.php(701): Illuminate\Routing\Route->run(Object(Illuminate\Http\Request))
#14 [internal function]: Illuminate\Routing\Router->Illuminate\Routing\{closure}(Object(Illuminate\Http\Request))
#15 /homepages/34/d339594821/htdocs/subdomain/bobby/vendor/laravel/framework/src/Illuminate/Pipeline/Pipeline.php(141): call_user_func(Object(Closure), Object(Illuminate\Http\Request))
#16 [internal function]: Illuminate\Pipeline\Pipeline->Illuminate\Pipeline\{closure}(Object(Illuminate\Http\Request))
#17 /homepages/34/d339594821/htdocs/subdomain/bobby/vendor/laravel/framework/src/Illuminate/Pipeline/Pipeline.php(101): call_user_func(Object(Closure), Object(Illuminate\Http\Request))
#18 /homepages/34/d339594821/htdocs/subdomain/bobby/vendor/laravel/framework/src/Illuminate/Routing/Router.php(703): Illuminate\Pipeline\Pipeline->then(Object(Closure))
#19 /homepages/34/d339594821/htdocs/subdomain/bobby/vendor/laravel/framework/src/Illuminate/Routing/Router.php(670): Illuminate\Routing\Router->runRouteWithinStack(Object(Illuminate\Routing\Route), Object(Illuminate\Http\Request))
#20 /homepages/34/d339594821/htdocs/subdomain/bobby/vendor/laravel/framework/src/Illuminate/Routing/Router.php(628): Illuminate\Routing\Router->dispatchToRoute(Object(Illuminate\Http\Request))
#21 /homepages/34/d339594821/htdocs/subdomain/bobby/vendor/laravel/framework/src/Illuminate/Foundation/Http/Kernel.php(214): Illuminate\Routing\Router->dispatch(Object(Illuminate\Http\Request))
#22 [internal function]: Illuminate\Foundation\Http\Kernel->Illuminate\Foundation\Http\{closure}(Object(Illuminate\Http\Request))
#23 /homepages/34/d339594821/htdocs/subdomain/bobby/vendor/laravel/framework/src/Illuminate/Pipeline/Pipeline.php(141): call_user_func(Object(Closure), Object(Illuminate\Http\Request))
#24 /homepages/34/d339594821/htdocs/subdomain/bobby/vendor/laravel/framework/src/Illuminate/Foundation/Http/Middleware/VerifyCsrfToken.php(43): Illuminate\Pipeline\Pipeline->Illuminate\Pipeline\{closure}(Object(Illuminate\Http\Request))
#25 /homepages/34/d339594821/htdocs/subdomain/bobby/app/Http/Middleware/VerifyCsrfToken.php(17): Illuminate\Foundation\Http\Middleware\VerifyCsrfToken->handle(Object(Illuminate\Http\Request), Object(Closure))
#26 /homepages/34/d339594821/htdocs/subdomain/bobby/vendor/laravel/framework/src/Illuminate/Pipeline/Pipeline.php(125): App\Http\Middleware\VerifyCsrfToken->handle(Object(Illuminate\Http\Request), Object(Closure))
#27 /homepages/34/d339594821/htdocs/subdomain/bobby/vendor/laravel/framework/src/Illuminate/View/Middleware/ShareErrorsFromSession.php(55): Illuminate\Pipeline\Pipeline->Illuminate\Pipeline\{closure}(Object(Illuminate\Http\Request))
#28 /homepages/34/d339594821/htdocs/subdomain/bobby/vendor/laravel/framework/src/Illuminate/Pipeline/Pipeline.php(125): Illuminate\View\Middleware\ShareErrorsFromSession->handle(Object(Illuminate\Http\Request), Object(Closure))
#29 /homepages/34/d339594821/htdocs/subdomain/bobby/vendor/laravel/framework/src/Illuminate/Session/Middleware/StartSession.php(61): Illuminate\Pipeline\Pipeline->Illuminate\Pipeline\{closure}(Object(Illuminate\Http\Request))
#30 /homepages/34/d339594821/htdocs/subdomain/bobby/vendor/laravel/framework/src/Illuminate/Pipeline/Pipeline.php(125): Illuminate\Session\Middleware\StartSession->handle(Object(Illuminate\Http\Request), Object(Closure))
#31 /homepages/34/d339594821/htdocs/subdomain/bobby/vendor/laravel/framework/src/Illuminate/Cookie/Middleware/AddQueuedCookiesToResponse.php(36): Illuminate\Pipeline\Pipeline->Illuminate\Pipeline\{closure}(Object(Illuminate\Http\Request))
#32 /homepages/34/d339594821/htdocs/subdomain/bobby/vendor/laravel/framework/src/Illuminate/Pipeline/Pipeline.php(125): Illuminate\Cookie\Middleware\AddQueuedCookiesToResponse->handle(Object(Illuminate\Http\Request), Object(Closure))
#33 /homepages/34/d339594821/htdocs/subdomain/bobby/vendor/laravel/framework/src/Illuminate/Cookie/Middleware/EncryptCookies.php(40): Illuminate\Pipeline\Pipeline->Illuminate\Pipeline\{closure}(Object(Illuminate\Http\Request))
#34 /homepages/34/d339594821/htdocs/subdomain/bobby/vendor/laravel/framework/src/Illuminate/Pipeline/Pipeline.php(125): Illuminate\Cookie\Middleware\EncryptCookies->handle(Object(Illuminate\Http\Request), Object(Closure))
#35 /homepages/34/d339594821/htdocs/subdomain/bobby/vendor/laravel/framework/src/Illuminate/Foundation/Http/Middleware/CheckForMaintenanceMode.php(42): Illuminate\Pipeline\Pipeline->Illuminate\Pipeline\{closure}(Object(Illuminate\Http\Request))
#36 /homepages/34/d339594821/htdocs/subdomain/bobby/vendor/laravel/framework/src/Illuminate/Pipeline/Pipeline.php(125): Illuminate\Foundation\Http\Middleware\CheckForMaintenanceMode->handle(Object(Illuminate\Http\Request), Object(Closure))
#37 [internal function]: Illuminate\Pipeline\Pipeline->Illuminate\Pipeline\{closure}(Object(Illuminate\Http\Request))
#38 /homepages/34/d339594821/htdocs/subdomain/bobby/vendor/laravel/framework/src/Illuminate/Pipeline/Pipeline.php(101): call_user_func(Object(Closure), Object(Illuminate\Http\Request))
#39 /homepages/34/d339594821/htdocs/subdomain/bobby/vendor/laravel/framework/src/Illuminate/Foundation/Http/Kernel.php(115): Illuminate\Pipeline\Pipeline->then(Object(Closure))
#40 /homepages/34/d339594821/htdocs/subdomain/bobby/vendor/laravel/framework/src/Illuminate/Foundation/Http/Kernel.php(84): Illuminate\Foundation\Http\Kernel->sendRequestThroughRouter(Object(Illuminate\Http\Request))
#41 /homepages/34/d339594821/htdocs/subdomain/bobby/public/index.php(53): Illuminate\Foundation\Http\Kernel->handle(Object(Illuminate\Http\Request))
#42 {main}  
[2015-09-15 10:33:21] local.ERROR: exception 'ErrorException' with message 'Undefined variable: data' in /homepages/34/d339594821/htdocs/subdomain/bobby/app/Http/Controllers/UsersController.php:37
Stack trace:
#0 /homepages/34/d339594821/htdocs/subdomain/bobby/app/Http/Controllers/UsersController.php(37): Illuminate\Foundation\Bootstrap\HandleExceptions->handleError(8, 'Undefined varia...', '/homepages/34/d...', 37, Array)
#1 [internal function]: App\Http\Controllers\UsersController->register()
#2 /homepages/34/d339594821/htdocs/subdomain/bobby/vendor/laravel/framework/src/Illuminate/Routing/Controller.php(246): call_user_func_array(Array, Array)
#3 /homepages/34/d339594821/htdocs/subdomain/bobby/vendor/laravel/framework/src/Illuminate/Routing/ControllerDispatcher.php(162): Illuminate\Routing\Controller->callAction('register', Array)
#4 /homepages/34/d339594821/htdocs/subdomain/bobby/vendor/laravel/framework/src/Illuminate/Routing/ControllerDispatcher.php(107): Illuminate\Routing\ControllerDispatcher->call(Object(App\Http\Controllers\UsersController), Object(Illuminate\Routing\Route), 'register')
#5 [internal function]: Illuminate\Routing\ControllerDispatcher->Illuminate\Routing\{closure}(Object(Illuminate\Http\Request))
#6 /homepages/34/d339594821/htdocs/subdomain/bobby/vendor/laravel/framework/src/Illuminate/Pipeline/Pipeline.php(141): call_user_func(Object(Closure), Object(Illuminate\Http\Request))
#7 [internal function]: Illuminate\Pipeline\Pipeline->Illuminate\Pipeline\{closure}(Object(Illuminate\Http\Request))
#8 /homepages/34/d339594821/htdocs/subdomain/bobby/vendor/laravel/framework/src/Illuminate/Pipeline/Pipeline.php(101): call_user_func(Object(Closure), Object(Illuminate\Http\Request))
#9 /homepages/34/d339594821/htdocs/subdomain/bobby/vendor/laravel/framework/src/Illuminate/Routing/ControllerDispatcher.php(108): Illuminate\Pipeline\Pipeline->then(Object(Closure))
#10 /homepages/34/d339594821/htdocs/subdomain/bobby/vendor/laravel/framework/src/Illuminate/Routing/ControllerDispatcher.php(67): Illuminate\Routing\ControllerDispatcher->callWithinStack(Object(App\Http\Controllers\UsersController), Object(Illuminate\Routing\Route), Object(Illuminate\Http\Request), 'register')
#11 /homepages/34/d339594821/htdocs/subdomain/bobby/vendor/laravel/framework/src/Illuminate/Routing/Route.php(204): Illuminate\Routing\ControllerDispatcher->dispatch(Object(Illuminate\Routing\Route), Object(Illuminate\Http\Request), 'App\\Http\\Contro...', 'register')
#12 /homepages/34/d339594821/htdocs/subdomain/bobby/vendor/laravel/framework/src/Illuminate/Routing/Route.php(134): Illuminate\Routing\Route->runWithCustomDispatcher(Object(Illuminate\Http\Request))
#13 /homepages/34/d339594821/htdocs/subdomain/bobby/vendor/laravel/framework/src/Illuminate/Routing/Router.php(701): Illuminate\Routing\Route->run(Object(Illuminate\Http\Request))
#14 [internal function]: Illuminate\Routing\Router->Illuminate\Routing\{closure}(Object(Illuminate\Http\Request))
#15 /homepages/34/d339594821/htdocs/subdomain/bobby/vendor/laravel/framework/src/Illuminate/Pipeline/Pipeline.php(141): call_user_func(Object(Closure), Object(Illuminate\Http\Request))
#16 [internal function]: Illuminate\Pipeline\Pipeline->Illuminate\Pipeline\{closure}(Object(Illuminate\Http\Request))
#17 /homepages/34/d339594821/htdocs/subdomain/bobby/vendor/laravel/framework/src/Illuminate/Pipeline/Pipeline.php(101): call_user_func(Object(Closure), Object(Illuminate\Http\Request))
#18 /homepages/34/d339594821/htdocs/subdomain/bobby/vendor/laravel/framework/src/Illuminate/Routing/Router.php(703): Illuminate\Pipeline\Pipeline->then(Object(Closure))
#19 /homepages/34/d339594821/htdocs/subdomain/bobby/vendor/laravel/framework/src/Illuminate/Routing/Router.php(670): Illuminate\Routing\Router->runRouteWithinStack(Object(Illuminate\Routing\Route), Object(Illuminate\Http\Request))
#20 /homepages/34/d339594821/htdocs/subdomain/bobby/vendor/laravel/framework/src/Illuminate/Routing/Router.php(628): Illuminate\Routing\Router->dispatchToRoute(Object(Illuminate\Http\Request))
#21 /homepages/34/d339594821/htdocs/subdomain/bobby/vendor/laravel/framework/src/Illuminate/Foundation/Http/Kernel.php(214): Illuminate\Routing\Router->dispatch(Object(Illuminate\Http\Request))
#22 [internal function]: Illuminate\Foundation\Http\Kernel->Illuminate\Foundation\Http\{closure}(Object(Illuminate\Http\Request))
#23 /homepages/34/d339594821/htdocs/subdomain/bobby/vendor/laravel/framework/src/Illuminate/Pipeline/Pipeline.php(141): call_user_func(Object(Closure), Object(Illuminate\Http\Request))
#24 /homepages/34/d339594821/htdocs/subdomain/bobby/vendor/laravel/framework/src/Illuminate/Foundation/Http/Middleware/VerifyCsrfToken.php(43): Illuminate\Pipeline\Pipeline->Illuminate\Pipeline\{closure}(Object(Illuminate\Http\Request))
#25 /homepages/34/d339594821/htdocs/subdomain/bobby/app/Http/Middleware/VerifyCsrfToken.php(17): Illuminate\Foundation\Http\Middleware\VerifyCsrfToken->handle(Object(Illuminate\Http\Request), Object(Closure))
#26 /homepages/34/d339594821/htdocs/subdomain/bobby/vendor/laravel/framework/src/Illuminate/Pipeline/Pipeline.php(125): App\Http\Middleware\VerifyCsrfToken->handle(Object(Illuminate\Http\Request), Object(Closure))
#27 /homepages/34/d339594821/htdocs/subdomain/bobby/vendor/laravel/framework/src/Illuminate/View/Middleware/ShareErrorsFromSession.php(55): Illuminate\Pipeline\Pipeline->Illuminate\Pipeline\{closure}(Object(Illuminate\Http\Request))
#28 /homepages/34/d339594821/htdocs/subdomain/bobby/vendor/laravel/framework/src/Illuminate/Pipeline/Pipeline.php(125): Illuminate\View\Middleware\ShareErrorsFromSession->handle(Object(Illuminate\Http\Request), Object(Closure))
#29 /homepages/34/d339594821/htdocs/subdomain/bobby/vendor/laravel/framework/src/Illuminate/Session/Middleware/StartSession.php(61): Illuminate\Pipeline\Pipeline->Illuminate\Pipeline\{closure}(Object(Illuminate\Http\Request))
#30 /homepages/34/d339594821/htdocs/subdomain/bobby/vendor/laravel/framework/src/Illuminate/Pipeline/Pipeline.php(125): Illuminate\Session\Middleware\StartSession->handle(Object(Illuminate\Http\Request), Object(Closure))
#31 /homepages/34/d339594821/htdocs/subdomain/bobby/vendor/laravel/framework/src/Illuminate/Cookie/Middleware/AddQueuedCookiesToResponse.php(36): Illuminate\Pipeline\Pipeline->Illuminate\Pipeline\{closure}(Object(Illuminate\Http\Request))
#32 /homepages/34/d339594821/htdocs/subdomain/bobby/vendor/laravel/framework/src/Illuminate/Pipeline/Pipeline.php(125): Illuminate\Cookie\Middleware\AddQueuedCookiesToResponse->handle(Object(Illuminate\Http\Request), Object(Closure))
#33 /homepages/34/d339594821/htdocs/subdomain/bobby/vendor/laravel/framework/src/Illuminate/Cookie/Middleware/EncryptCookies.php(40): Illuminate\Pipeline\Pipeline->Illuminate\Pipeline\{closure}(Object(Illuminate\Http\Request))
#34 /homepages/34/d339594821/htdocs/subdomain/bobby/vendor/laravel/framework/src/Illuminate/Pipeline/Pipeline.php(125): Illuminate\Cookie\Middleware\EncryptCookies->handle(Object(Illuminate\Http\Request), Object(Closure))
#35 /homepages/34/d339594821/htdocs/subdomain/bobby/vendor/laravel/framework/src/Illuminate/Foundation/Http/Middleware/CheckForMaintenanceMode.php(42): Illuminate\Pipeline\Pipeline->Illuminate\Pipeline\{closure}(Object(Illuminate\Http\Request))
#36 /homepages/34/d339594821/htdocs/subdomain/bobby/vendor/laravel/framework/src/Illuminate/Pipeline/Pipeline.php(125): Illuminate\Foundation\Http\Middleware\CheckForMaintenanceMode->handle(Object(Illuminate\Http\Request), Object(Closure))
#37 [internal function]: Illuminate\Pipeline\Pipeline->Illuminate\Pipeline\{closure}(Object(Illuminate\Http\Request))
#38 /homepages/34/d339594821/htdocs/subdomain/bobby/vendor/laravel/framework/src/Illuminate/Pipeline/Pipeline.php(101): call_user_func(Object(Closure), Object(Illuminate\Http\Request))
#39 /homepages/34/d339594821/htdocs/subdomain/bobby/vendor/laravel/framework/src/Illuminate/Foundation/Http/Kernel.php(115): Illuminate\Pipeline\Pipeline->then(Object(Closure))
#40 /homepages/34/d339594821/htdocs/subdomain/bobby/vendor/laravel/framework/src/Illuminate/Foundation/Http/Kernel.php(84): Illuminate\Foundation\Http\Kernel->sendRequestThroughRouter(Object(Illuminate\Http\Request))
#41 /homepages/34/d339594821/htdocs/subdomain/bobby/public/index.php(53): Illuminate\Foundation\Http\Kernel->handle(Object(Illuminate\Http\Request))
#42 {main}  
[2015-09-15 11:59:45] local.ERROR: exception 'Illuminate\Session\TokenMismatchException' in /homepages/34/d339594821/htdocs/subdomain/bobby/vendor/laravel/framework/src/Illuminate/Foundation/Http/Middleware/VerifyCsrfToken.php:46
Stack trace:
#0 /homepages/34/d339594821/htdocs/subdomain/bobby/app/Http/Middleware/VerifyCsrfToken.php(17): Illuminate\Foundation\Http\Middleware\VerifyCsrfToken->handle(Object(Illuminate\Http\Request), Object(Closure))
#1 /homepages/34/d339594821/htdocs/subdomain/bobby/vendor/laravel/framework/src/Illuminate/Pipeline/Pipeline.php(125): App\Http\Middleware\VerifyCsrfToken->handle(Object(Illuminate\Http\Request), Object(Closure))
#2 /homepages/34/d339594821/htdocs/subdomain/bobby/vendor/laravel/framework/src/Illuminate/View/Middleware/ShareErrorsFromSession.php(55): Illuminate\Pipeline\Pipeline->Illuminate\Pipeline\{closure}(Object(Illuminate\Http\Request))
#3 /homepages/34/d339594821/htdocs/subdomain/bobby/vendor/laravel/framework/src/Illuminate/Pipeline/Pipeline.php(125): Illuminate\View\Middleware\ShareErrorsFromSession->handle(Object(Illuminate\Http\Request), Object(Closure))
#4 /homepages/34/d339594821/htdocs/subdomain/bobby/vendor/laravel/framework/src/Illuminate/Session/Middleware/StartSession.php(61): Illuminate\Pipeline\Pipeline->Illuminate\Pipeline\{closure}(Object(Illuminate\Http\Request))
#5 /homepages/34/d339594821/htdocs/subdomain/bobby/vendor/laravel/framework/src/Illuminate/Pipeline/Pipeline.php(125): Illuminate\Session\Middleware\StartSession->handle(Object(Illuminate\Http\Request), Object(Closure))
#6 /homepages/34/d339594821/htdocs/subdomain/bobby/vendor/laravel/framework/src/Illuminate/Cookie/Middleware/AddQueuedCookiesToResponse.php(36): Illuminate\Pipeline\Pipeline->Illuminate\Pipeline\{closure}(Object(Illuminate\Http\Request))
#7 /homepages/34/d339594821/htdocs/subdomain/bobby/vendor/laravel/framework/src/Illuminate/Pipeline/Pipeline.php(125): Illuminate\Cookie\Middleware\AddQueuedCookiesToResponse->handle(Object(Illuminate\Http\Request), Object(Closure))
#8 /homepages/34/d339594821/htdocs/subdomain/bobby/vendor/laravel/framework/src/Illuminate/Cookie/Middleware/EncryptCookies.php(40): Illuminate\Pipeline\Pipeline->Illuminate\Pipeline\{closure}(Object(Illuminate\Http\Request))
#9 /homepages/34/d339594821/htdocs/subdomain/bobby/vendor/laravel/framework/src/Illuminate/Pipeline/Pipeline.php(125): Illuminate\Cookie\Middleware\EncryptCookies->handle(Object(Illuminate\Http\Request), Object(Closure))
#10 /homepages/34/d339594821/htdocs/subdomain/bobby/vendor/laravel/framework/src/Illuminate/Foundation/Http/Middleware/CheckForMaintenanceMode.php(42): Illuminate\Pipeline\Pipeline->Illuminate\Pipeline\{closure}(Object(Illuminate\Http\Request))
#11 /homepages/34/d339594821/htdocs/subdomain/bobby/vendor/laravel/framework/src/Illuminate/Pipeline/Pipeline.php(125): Illuminate\Foundation\Http\Middleware\CheckForMaintenanceMode->handle(Object(Illuminate\Http\Request), Object(Closure))
#12 [internal function]: Illuminate\Pipeline\Pipeline->Illuminate\Pipeline\{closure}(Object(Illuminate\Http\Request))
#13 /homepages/34/d339594821/htdocs/subdomain/bobby/vendor/laravel/framework/src/Illuminate/Pipeline/Pipeline.php(101): call_user_func(Object(Closure), Object(Illuminate\Http\Request))
#14 /homepages/34/d339594821/htdocs/subdomain/bobby/vendor/laravel/framework/src/Illuminate/Foundation/Http/Kernel.php(115): Illuminate\Pipeline\Pipeline->then(Object(Closure))
#15 /homepages/34/d339594821/htdocs/subdomain/bobby/vendor/laravel/framework/src/Illuminate/Foundation/Http/Kernel.php(84): Illuminate\Foundation\Http\Kernel->sendRequestThroughRouter(Object(Illuminate\Http\Request))
#16 /homepages/34/d339594821/htdocs/subdomain/bobby/public/index.php(53): Illuminate\Foundation\Http\Kernel->handle(Object(Illuminate\Http\Request))
#17 {main}  
[2015-09-15 12:00:53] local.ERROR: exception 'Illuminate\Session\TokenMismatchException' in /homepages/34/d339594821/htdocs/subdomain/bobby/vendor/laravel/framework/src/Illuminate/Foundation/Http/Middleware/VerifyCsrfToken.php:46
Stack trace:
#0 /homepages/34/d339594821/htdocs/subdomain/bobby/app/Http/Middleware/VerifyCsrfToken.php(17): Illuminate\Foundation\Http\Middleware\VerifyCsrfToken->handle(Object(Illuminate\Http\Request), Object(Closure))
#1 /homepages/34/d339594821/htdocs/subdomain/bobby/vendor/laravel/framework/src/Illuminate/Pipeline/Pipeline.php(125): App\Http\Middleware\VerifyCsrfToken->handle(Object(Illuminate\Http\Request), Object(Closure))
#2 /homepages/34/d339594821/htdocs/subdomain/bobby/vendor/laravel/framework/src/Illuminate/View/Middleware/ShareErrorsFromSession.php(55): Illuminate\Pipeline\Pipeline->Illuminate\Pipeline\{closure}(Object(Illuminate\Http\Request))
#3 /homepages/34/d339594821/htdocs/subdomain/bobby/vendor/laravel/framework/src/Illuminate/Pipeline/Pipeline.php(125): Illuminate\View\Middleware\ShareErrorsFromSession->handle(Object(Illuminate\Http\Request), Object(Closure))
#4 /homepages/34/d339594821/htdocs/subdomain/bobby/vendor/laravel/framework/src/Illuminate/Session/Middleware/StartSession.php(61): Illuminate\Pipeline\Pipeline->Illuminate\Pipeline\{closure}(Object(Illuminate\Http\Request))
#5 /homepages/34/d339594821/htdocs/subdomain/bobby/vendor/laravel/framework/src/Illuminate/Pipeline/Pipeline.php(125): Illuminate\Session\Middleware\StartSession->handle(Object(Illuminate\Http\Request), Object(Closure))
#6 /homepages/34/d339594821/htdocs/subdomain/bobby/vendor/laravel/framework/src/Illuminate/Cookie/Middleware/AddQueuedCookiesToResponse.php(36): Illuminate\Pipeline\Pipeline->Illuminate\Pipeline\{closure}(Object(Illuminate\Http\Request))
#7 /homepages/34/d339594821/htdocs/subdomain/bobby/vendor/laravel/framework/src/Illuminate/Pipeline/Pipeline.php(125): Illuminate\Cookie\Middleware\AddQueuedCookiesToResponse->handle(Object(Illuminate\Http\Request), Object(Closure))
#8 /homepages/34/d339594821/htdocs/subdomain/bobby/vendor/laravel/framework/src/Illuminate/Cookie/Middleware/EncryptCookies.php(40): Illuminate\Pipeline\Pipeline->Illuminate\Pipeline\{closure}(Object(Illuminate\Http\Request))
#9 /homepages/34/d339594821/htdocs/subdomain/bobby/vendor/laravel/framework/src/Illuminate/Pipeline/Pipeline.php(125): Illuminate\Cookie\Middleware\EncryptCookies->handle(Object(Illuminate\Http\Request), Object(Closure))
#10 /homepages/34/d339594821/htdocs/subdomain/bobby/vendor/laravel/framework/src/Illuminate/Foundation/Http/Middleware/CheckForMaintenanceMode.php(42): Illuminate\Pipeline\Pipeline->Illuminate\Pipeline\{closure}(Object(Illuminate\Http\Request))
#11 /homepages/34/d339594821/htdocs/subdomain/bobby/vendor/laravel/framework/src/Illuminate/Pipeline/Pipeline.php(125): Illuminate\Foundation\Http\Middleware\CheckForMaintenanceMode->handle(Object(Illuminate\Http\Request), Object(Closure))
#12 [internal function]: Illuminate\Pipeline\Pipeline->Illuminate\Pipeline\{closure}(Object(Illuminate\Http\Request))
#13 /homepages/34/d339594821/htdocs/subdomain/bobby/vendor/laravel/framework/src/Illuminate/Pipeline/Pipeline.php(101): call_user_func(Object(Closure), Object(Illuminate\Http\Request))
#14 /homepages/34/d339594821/htdocs/subdomain/bobby/vendor/laravel/framework/src/Illuminate/Foundation/Http/Kernel.php(115): Illuminate\Pipeline\Pipeline->then(Object(Closure))
#15 /homepages/34/d339594821/htdocs/subdomain/bobby/vendor/laravel/framework/src/Illuminate/Foundation/Http/Kernel.php(84): Illuminate\Foundation\Http\Kernel->sendRequestThroughRouter(Object(Illuminate\Http\Request))
#16 /homepages/34/d339594821/htdocs/subdomain/bobby/public/index.php(53): Illuminate\Foundation\Http\Kernel->handle(Object(Illuminate\Http\Request))
#17 {main}  
[2015-09-15 12:00:54] local.ERROR: exception 'Symfony\Component\Debug\Exception\FatalErrorException' with message 'syntax error, unexpected end of file, expecting function (T_FUNCTION)' in /homepages/34/d339594821/htdocs/subdomain/bobby/app/Http/Controllers/UsersController.php:209
Stack trace:
#0 {main}  
[2015-09-15 12:01:08] local.ERROR: exception 'Symfony\Component\Debug\Exception\FatalErrorException' with message 'syntax error, unexpected end of file, expecting function (T_FUNCTION)' in /homepages/34/d339594821/htdocs/subdomain/bobby/app/Http/Controllers/UsersController.php:209
Stack trace:
#0 {main}  
[2015-09-15 12:45:15] local.ERROR: exception 'Swift_RfcComplianceException' with message 'Address in mailbox given [admin] does not comply with RFC 2822, 3.6.2.' in /homepages/34/d339594821/htdocs/subdomain/bobby/vendor/swiftmailer/swiftmailer/lib/classes/Swift/Mime/Headers/MailboxHeader.php:348
Stack trace:
#0 /homepages/34/d339594821/htdocs/subdomain/bobby/vendor/swiftmailer/swiftmailer/lib/classes/Swift/Mime/Headers/MailboxHeader.php(263): Swift_Mime_Headers_MailboxHeader->_assertValidAddress('admin')
#1 /homepages/34/d339594821/htdocs/subdomain/bobby/vendor/swiftmailer/swiftmailer/lib/classes/Swift/Mime/Headers/MailboxHeader.php(106): Swift_Mime_Headers_MailboxHeader->normalizeMailboxes(Array)
#2 /homepages/34/d339594821/htdocs/subdomain/bobby/vendor/swiftmailer/swiftmailer/lib/classes/Swift/Mime/Headers/MailboxHeader.php(63): Swift_Mime_Headers_MailboxHeader->setNameAddresses(Array)
#3 /homepages/34/d339594821/htdocs/subdomain/bobby/vendor/swiftmailer/swiftmailer/lib/classes/Swift/Mime/SimpleHeaderFactory.php(58): Swift_Mime_Headers_MailboxHeader->setFieldBodyModel(Array)
#4 /homepages/34/d339594821/htdocs/subdomain/bobby/vendor/swiftmailer/swiftmailer/lib/classes/Swift/Mime/SimpleHeaderSet.php(68): Swift_Mime_SimpleHeaderFactory->createMailboxHeader('To', Array)
#5 /homepages/34/d339594821/htdocs/subdomain/bobby/vendor/swiftmailer/swiftmailer/lib/classes/Swift/Mime/SimpleMessage.php(323): Swift_Mime_SimpleHeaderSet->addMailboxHeader('To', Array)
#6 /homepages/34/d339594821/htdocs/subdomain/bobby/vendor/swiftmailer/swiftmailer/lib/classes/Swift/Mime/SimpleMessage.php(299): Swift_Mime_SimpleMessage->setTo(Array)
#7 /homepages/34/d339594821/htdocs/subdomain/bobby/vendor/laravel/framework/src/Illuminate/Mail/Message.php(131): Swift_Mime_SimpleMessage->addTo('admin', ' ')
#8 /homepages/34/d339594821/htdocs/subdomain/bobby/vendor/laravel/framework/src/Illuminate/Mail/Message.php(76): Illuminate\Mail\Message->addAddresses('admin', ' ', 'To')
#9 /homepages/34/d339594821/htdocs/subdomain/bobby/app/Http/Controllers/UsersController.php(134): Illuminate\Mail\Message->to('admin', ' ')
#10 [internal function]: App\Http\Controllers\UsersController->App\Http\Controllers\{closure}(Object(Illuminate\Mail\Message))
#11 /homepages/34/d339594821/htdocs/subdomain/bobby/vendor/laravel/framework/src/Illuminate/Mail/Mailer.php(400): call_user_func(Object(Closure), Object(Illuminate\Mail\Message))
#12 /homepages/34/d339594821/htdocs/subdomain/bobby/vendor/laravel/framework/src/Illuminate/Mail/Mailer.php(159): Illuminate\Mail\Mailer->callMessageBuilder(Object(Closure), Object(Illuminate\Mail\Message))
#13 /homepages/34/d339594821/htdocs/subdomain/bobby/vendor/laravel/framework/src/Illuminate/Support/Facades/Facade.php(216): Illuminate\Mail\Mailer->send('emails.welcome', Array, Object(Closure))
#14 /homepages/34/d339594821/htdocs/subdomain/bobby/app/Http/Controllers/UsersController.php(136): Illuminate\Support\Facades\Facade::__callStatic('send', Array)
#15 /homepages/34/d339594821/htdocs/subdomain/bobby/app/Http/Controllers/UsersController.php(136): Illuminate\Support\Facades\Mail::send('emails.welcome', Array, Object(Closure))
#16 [internal function]: App\Http\Controllers\UsersController->register()
#17 /homepages/34/d339594821/htdocs/subdomain/bobby/vendor/laravel/framework/src/Illuminate/Routing/Controller.php(246): call_user_func_array(Array, Array)
#18 /homepages/34/d339594821/htdocs/subdomain/bobby/vendor/laravel/framework/src/Illuminate/Routing/ControllerDispatcher.php(162): Illuminate\Routing\Controller->callAction('register', Array)
#19 /homepages/34/d339594821/htdocs/subdomain/bobby/vendor/laravel/framework/src/Illuminate/Routing/ControllerDispatcher.php(107): Illuminate\Routing\ControllerDispatcher->call(Object(App\Http\Controllers\UsersController), Object(Illuminate\Routing\Route), 'register')
#20 [internal function]: Illuminate\Routing\ControllerDispatcher->Illuminate\Routing\{closure}(Object(Illuminate\Http\Request))
#21 /homepages/34/d339594821/htdocs/subdomain/bobby/vendor/laravel/framework/src/Illuminate/Pipeline/Pipeline.php(141): call_user_func(Object(Closure), Object(Illuminate\Http\Request))
#22 [internal function]: Illuminate\Pipeline\Pipeline->Illuminate\Pipeline\{closure}(Object(Illuminate\Http\Request))
#23 /homepages/34/d339594821/htdocs/subdomain/bobby/vendor/laravel/framework/src/Illuminate/Pipeline/Pipeline.php(101): call_user_func(Object(Closure), Object(Illuminate\Http\Request))
#24 /homepages/34/d339594821/htdocs/subdomain/bobby/vendor/laravel/framework/src/Illuminate/Routing/ControllerDispatcher.php(108): Illuminate\Pipeline\Pipeline->then(Object(Closure))
#25 /homepages/34/d339594821/htdocs/subdomain/bobby/vendor/laravel/framework/src/Illuminate/Routing/ControllerDispatcher.php(67): Illuminate\Routing\ControllerDispatcher->callWithinStack(Object(App\Http\Controllers\UsersController), Object(Illuminate\Routing\Route), Object(Illuminate\Http\Request), 'register')
#26 /homepages/34/d339594821/htdocs/subdomain/bobby/vendor/laravel/framework/src/Illuminate/Routing/Route.php(204): Illuminate\Routing\ControllerDispatcher->dispatch(Object(Illuminate\Routing\Route), Object(Illuminate\Http\Request), 'App\\Http\\Contro...', 'register')
#27 /homepages/34/d339594821/htdocs/subdomain/bobby/vendor/laravel/framework/src/Illuminate/Routing/Route.php(134): Illuminate\Routing\Route->runWithCustomDispatcher(Object(Illuminate\Http\Request))
#28 /homepages/34/d339594821/htdocs/subdomain/bobby/vendor/laravel/framework/src/Illuminate/Routing/Router.php(701): Illuminate\Routing\Route->run(Object(Illuminate\Http\Request))
#29 [internal function]: Illuminate\Routing\Router->Illuminate\Routing\{closure}(Object(Illuminate\Http\Request))
#30 /homepages/34/d339594821/htdocs/subdomain/bobby/vendor/laravel/framework/src/Illuminate/Pipeline/Pipeline.php(141): call_user_func(Object(Closure), Object(Illuminate\Http\Request))
#31 [internal function]: Illuminate\Pipeline\Pipeline->Illuminate\Pipeline\{closure}(Object(Illuminate\Http\Request))
#32 /homepages/34/d339594821/htdocs/subdomain/bobby/vendor/laravel/framework/src/Illuminate/Pipeline/Pipeline.php(101): call_user_func(Object(Closure), Object(Illuminate\Http\Request))
#33 /homepages/34/d339594821/htdocs/subdomain/bobby/vendor/laravel/framework/src/Illuminate/Routing/Router.php(703): Illuminate\Pipeline\Pipeline->then(Object(Closure))
#34 /homepages/34/d339594821/htdocs/subdomain/bobby/vendor/laravel/framework/src/Illuminate/Routing/Router.php(670): Illuminate\Routing\Router->runRouteWithinStack(Object(Illuminate\Routing\Route), Object(Illuminate\Http\Request))
#35 /homepages/34/d339594821/htdocs/subdomain/bobby/vendor/laravel/framework/src/Illuminate/Routing/Router.php(628): Illuminate\Routing\Router->dispatchToRoute(Object(Illuminate\Http\Request))
#36 /homepages/34/d339594821/htdocs/subdomain/bobby/vendor/laravel/framework/src/Illuminate/Foundation/Http/Kernel.php(214): Illuminate\Routing\Router->dispatch(Object(Illuminate\Http\Request))
#37 [internal function]: Illuminate\Foundation\Http\Kernel->Illuminate\Foundation\Http\{closure}(Object(Illuminate\Http\Request))
#38 /homepages/34/d339594821/htdocs/subdomain/bobby/vendor/laravel/framework/src/Illuminate/Pipeline/Pipeline.php(141): call_user_func(Object(Closure), Object(Illuminate\Http\Request))
#39 /homepages/34/d339594821/htdocs/subdomain/bobby/vendor/laravel/framework/src/Illuminate/Foundation/Http/Middleware/VerifyCsrfToken.php(43): Illuminate\Pipeline\Pipeline->Illuminate\Pipeline\{closure}(Object(Illuminate\Http\Request))
#40 /homepages/34/d339594821/htdocs/subdomain/bobby/app/Http/Middleware/VerifyCsrfToken.php(17): Illuminate\Foundation\Http\Middleware\VerifyCsrfToken->handle(Object(Illuminate\Http\Request), Object(Closure))
#41 /homepages/34/d339594821/htdocs/subdomain/bobby/vendor/laravel/framework/src/Illuminate/Pipeline/Pipeline.php(125): App\Http\Middleware\VerifyCsrfToken->handle(Object(Illuminate\Http\Request), Object(Closure))
#42 /homepages/34/d339594821/htdocs/subdomain/bobby/vendor/laravel/framework/src/Illuminate/View/Middleware/ShareErrorsFromSession.php(55): Illuminate\Pipeline\Pipeline->Illuminate\Pipeline\{closure}(Object(Illuminate\Http\Request))
#43 /homepages/34/d339594821/htdocs/subdomain/bobby/vendor/laravel/framework/src/Illuminate/Pipeline/Pipeline.php(125): Illuminate\View\Middleware\ShareErrorsFromSession->handle(Object(Illuminate\Http\Request), Object(Closure))
#44 /homepages/34/d339594821/htdocs/subdomain/bobby/vendor/laravel/framework/src/Illuminate/Session/Middleware/StartSession.php(61): Illuminate\Pipeline\Pipeline->Illuminate\Pipeline\{closure}(Object(Illuminate\Http\Request))
#45 /homepages/34/d339594821/htdocs/subdomain/bobby/vendor/laravel/framework/src/Illuminate/Pipeline/Pipeline.php(125): Illuminate\Session\Middleware\StartSession->handle(Object(Illuminate\Http\Request), Object(Closure))
#46 /homepages/34/d339594821/htdocs/subdomain/bobby/vendor/laravel/framework/src/Illuminate/Cookie/Middleware/AddQueuedCookiesToResponse.php(36): Illuminate\Pipeline\Pipeline->Illuminate\Pipeline\{closure}(Object(Illuminate\Http\Request))
#47 /homepages/34/d339594821/htdocs/subdomain/bobby/vendor/laravel/framework/src/Illuminate/Pipeline/Pipeline.php(125): Illuminate\Cookie\Middleware\AddQueuedCookiesToResponse->handle(Object(Illuminate\Http\Request), Object(Closure))
#48 /homepages/34/d339594821/htdocs/subdomain/bobby/vendor/laravel/framework/src/Illuminate/Cookie/Middleware/EncryptCookies.php(40): Illuminate\Pipeline\Pipeline->Illuminate\Pipeline\{closure}(Object(Illuminate\Http\Request))
#49 /homepages/34/d339594821/htdocs/subdomain/bobby/vendor/laravel/framework/src/Illuminate/Pipeline/Pipeline.php(125): Illuminate\Cookie\Middleware\EncryptCookies->handle(Object(Illuminate\Http\Request), Object(Closure))
#50 /homepages/34/d339594821/htdocs/subdomain/bobby/vendor/laravel/framework/src/Illuminate/Foundation/Http/Middleware/CheckForMaintenanceMode.php(42): Illuminate\Pipeline\Pipeline->Illuminate\Pipeline\{closure}(Object(Illuminate\Http\Request))
#51 /homepages/34/d339594821/htdocs/subdomain/bobby/vendor/laravel/framework/src/Illuminate/Pipeline/Pipeline.php(125): Illuminate\Foundation\Http\Middleware\CheckForMaintenanceMode->handle(Object(Illuminate\Http\Request), Object(Closure))
#52 [internal function]: Illuminate\Pipeline\Pipeline->Illuminate\Pipeline\{closure}(Object(Illuminate\Http\Request))
#53 /homepages/34/d339594821/htdocs/subdomain/bobby/vendor/laravel/framework/src/Illuminate/Pipeline/Pipeline.php(101): call_user_func(Object(Closure), Object(Illuminate\Http\Request))
#54 /homepages/34/d339594821/htdocs/subdomain/bobby/vendor/laravel/framework/src/Illuminate/Foundation/Http/Kernel.php(115): Illuminate\Pipeline\Pipeline->then(Object(Closure))
#55 /homepages/34/d339594821/htdocs/subdomain/bobby/vendor/laravel/framework/src/Illuminate/Foundation/Http/Kernel.php(84): Illuminate\Foundation\Http\Kernel->sendRequestThroughRouter(Object(Illuminate\Http\Request))
#56 /homepages/34/d339594821/htdocs/subdomain/bobby/public/index.php(53): Illuminate\Foundation\Http\Kernel->handle(Object(Illuminate\Http\Request))
#57 {main}  
[2015-09-15 12:45:27] local.ERROR: exception 'Swift_RfcComplianceException' with message 'Address in mailbox given [admin] does not comply with RFC 2822, 3.6.2.' in /homepages/34/d339594821/htdocs/subdomain/bobby/vendor/swiftmailer/swiftmailer/lib/classes/Swift/Mime/Headers/MailboxHeader.php:348
Stack trace:
#0 /homepages/34/d339594821/htdocs/subdomain/bobby/vendor/swiftmailer/swiftmailer/lib/classes/Swift/Mime/Headers/MailboxHeader.php(263): Swift_Mime_Headers_MailboxHeader->_assertValidAddress('admin')
#1 /homepages/34/d339594821/htdocs/subdomain/bobby/vendor/swiftmailer/swiftmailer/lib/classes/Swift/Mime/Headers/MailboxHeader.php(106): Swift_Mime_Headers_MailboxHeader->normalizeMailboxes(Array)
#2 /homepages/34/d339594821/htdocs/subdomain/bobby/vendor/swiftmailer/swiftmailer/lib/classes/Swift/Mime/Headers/MailboxHeader.php(63): Swift_Mime_Headers_MailboxHeader->setNameAddresses(Array)
#3 /homepages/34/d339594821/htdocs/subdomain/bobby/vendor/swiftmailer/swiftmailer/lib/classes/Swift/Mime/SimpleHeaderFactory.php(58): Swift_Mime_Headers_MailboxHeader->setFieldBodyModel(Array)
#4 /homepages/34/d339594821/htdocs/subdomain/bobby/vendor/swiftmailer/swiftmailer/lib/classes/Swift/Mime/SimpleHeaderSet.php(68): Swift_Mime_SimpleHeaderFactory->createMailboxHeader('To', Array)
#5 /homepages/34/d339594821/htdocs/subdomain/bobby/vendor/swiftmailer/swiftmailer/lib/classes/Swift/Mime/SimpleMessage.php(323): Swift_Mime_SimpleHeaderSet->addMailboxHeader('To', Array)
#6 /homepages/34/d339594821/htdocs/subdomain/bobby/vendor/swiftmailer/swiftmailer/lib/classes/Swift/Mime/SimpleMessage.php(299): Swift_Mime_SimpleMessage->setTo(Array)
#7 /homepages/34/d339594821/htdocs/subdomain/bobby/vendor/laravel/framework/src/Illuminate/Mail/Message.php(131): Swift_Mime_SimpleMessage->addTo('admin', ' ')
#8 /homepages/34/d339594821/htdocs/subdomain/bobby/vendor/laravel/framework/src/Illuminate/Mail/Message.php(76): Illuminate\Mail\Message->addAddresses('admin', ' ', 'To')
#9 /homepages/34/d339594821/htdocs/subdomain/bobby/app/Http/Controllers/UsersController.php(134): Illuminate\Mail\Message->to('admin', ' ')
#10 [internal function]: App\Http\Controllers\UsersController->App\Http\Controllers\{closure}(Object(Illuminate\Mail\Message))
#11 /homepages/34/d339594821/htdocs/subdomain/bobby/vendor/laravel/framework/src/Illuminate/Mail/Mailer.php(400): call_user_func(Object(Closure), Object(Illuminate\Mail\Message))
#12 /homepages/34/d339594821/htdocs/subdomain/bobby/vendor/laravel/framework/src/Illuminate/Mail/Mailer.php(159): Illuminate\Mail\Mailer->callMessageBuilder(Object(Closure), Object(Illuminate\Mail\Message))
#13 /homepages/34/d339594821/htdocs/subdomain/bobby/vendor/laravel/framework/src/Illuminate/Support/Facades/Facade.php(216): Illuminate\Mail\Mailer->send('emails.welcome', Array, Object(Closure))
#14 /homepages/34/d339594821/htdocs/subdomain/bobby/app/Http/Controllers/UsersController.php(136): Illuminate\Support\Facades\Facade::__callStatic('send', Array)
#15 /homepages/34/d339594821/htdocs/subdomain/bobby/app/Http/Controllers/UsersController.php(136): Illuminate\Support\Facades\Mail::send('emails.welcome', Array, Object(Closure))
#16 [internal function]: App\Http\Controllers\UsersController->register()
#17 /homepages/34/d339594821/htdocs/subdomain/bobby/vendor/laravel/framework/src/Illuminate/Routing/Controller.php(246): call_user_func_array(Array, Array)
#18 /homepages/34/d339594821/htdocs/subdomain/bobby/vendor/laravel/framework/src/Illuminate/Routing/ControllerDispatcher.php(162): Illuminate\Routing\Controller->callAction('register', Array)
#19 /homepages/34/d339594821/htdocs/subdomain/bobby/vendor/laravel/framework/src/Illuminate/Routing/ControllerDispatcher.php(107): Illuminate\Routing\ControllerDispatcher->call(Object(App\Http\Controllers\UsersController), Object(Illuminate\Routing\Route), 'register')
#20 [internal function]: Illuminate\Routing\ControllerDispatcher->Illuminate\Routing\{closure}(Object(Illuminate\Http\Request))
#21 /homepages/34/d339594821/htdocs/subdomain/bobby/vendor/laravel/framework/src/Illuminate/Pipeline/Pipeline.php(141): call_user_func(Object(Closure), Object(Illuminate\Http\Request))
#22 [internal function]: Illuminate\Pipeline\Pipeline->Illuminate\Pipeline\{closure}(Object(Illuminate\Http\Request))
#23 /homepages/34/d339594821/htdocs/subdomain/bobby/vendor/laravel/framework/src/Illuminate/Pipeline/Pipeline.php(101): call_user_func(Object(Closure), Object(Illuminate\Http\Request))
#24 /homepages/34/d339594821/htdocs/subdomain/bobby/vendor/laravel/framework/src/Illuminate/Routing/ControllerDispatcher.php(108): Illuminate\Pipeline\Pipeline->then(Object(Closure))
#25 /homepages/34/d339594821/htdocs/subdomain/bobby/vendor/laravel/framework/src/Illuminate/Routing/ControllerDispatcher.php(67): Illuminate\Routing\ControllerDispatcher->callWithinStack(Object(App\Http\Controllers\UsersController), Object(Illuminate\Routing\Route), Object(Illuminate\Http\Request), 'register')
#26 /homepages/34/d339594821/htdocs/subdomain/bobby/vendor/laravel/framework/src/Illuminate/Routing/Route.php(204): Illuminate\Routing\ControllerDispatcher->dispatch(Object(Illuminate\Routing\Route), Object(Illuminate\Http\Request), 'App\\Http\\Contro...', 'register')
#27 /homepages/34/d339594821/htdocs/subdomain/bobby/vendor/laravel/framework/src/Illuminate/Routing/Route.php(134): Illuminate\Routing\Route->runWithCustomDispatcher(Object(Illuminate\Http\Request))
#28 /homepages/34/d339594821/htdocs/subdomain/bobby/vendor/laravel/framework/src/Illuminate/Routing/Router.php(701): Illuminate\Routing\Route->run(Object(Illuminate\Http\Request))
#29 [internal function]: Illuminate\Routing\Router->Illuminate\Routing\{closure}(Object(Illuminate\Http\Request))
#30 /homepages/34/d339594821/htdocs/subdomain/bobby/vendor/laravel/framework/src/Illuminate/Pipeline/Pipeline.php(141): call_user_func(Object(Closure), Object(Illuminate\Http\Request))
#31 [internal function]: Illuminate\Pipeline\Pipeline->Illuminate\Pipeline\{closure}(Object(Illuminate\Http\Request))
#32 /homepages/34/d339594821/htdocs/subdomain/bobby/vendor/laravel/framework/src/Illuminate/Pipeline/Pipeline.php(101): call_user_func(Object(Closure), Object(Illuminate\Http\Request))
#33 /homepages/34/d339594821/htdocs/subdomain/bobby/vendor/laravel/framework/src/Illuminate/Routing/Router.php(703): Illuminate\Pipeline\Pipeline->then(Object(Closure))
#34 /homepages/34/d339594821/htdocs/subdomain/bobby/vendor/laravel/framework/src/Illuminate/Routing/Router.php(670): Illuminate\Routing\Router->runRouteWithinStack(Object(Illuminate\Routing\Route), Object(Illuminate\Http\Request))
#35 /homepages/34/d339594821/htdocs/subdomain/bobby/vendor/laravel/framework/src/Illuminate/Routing/Router.php(628): Illuminate\Routing\Router->dispatchToRoute(Object(Illuminate\Http\Request))
#36 /homepages/34/d339594821/htdocs/subdomain/bobby/vendor/laravel/framework/src/Illuminate/Foundation/Http/Kernel.php(214): Illuminate\Routing\Router->dispatch(Object(Illuminate\Http\Request))
#37 [internal function]: Illuminate\Foundation\Http\Kernel->Illuminate\Foundation\Http\{closure}(Object(Illuminate\Http\Request))
#38 /homepages/34/d339594821/htdocs/subdomain/bobby/vendor/laravel/framework/src/Illuminate/Pipeline/Pipeline.php(141): call_user_func(Object(Closure), Object(Illuminate\Http\Request))
#39 /homepages/34/d339594821/htdocs/subdomain/bobby/vendor/laravel/framework/src/Illuminate/Foundation/Http/Middleware/VerifyCsrfToken.php(43): Illuminate\Pipeline\Pipeline->Illuminate\Pipeline\{closure}(Object(Illuminate\Http\Request))
#40 /homepages/34/d339594821/htdocs/subdomain/bobby/app/Http/Middleware/VerifyCsrfToken.php(17): Illuminate\Foundation\Http\Middleware\VerifyCsrfToken->handle(Object(Illuminate\Http\Request), Object(Closure))
#41 /homepages/34/d339594821/htdocs/subdomain/bobby/vendor/laravel/framework/src/Illuminate/Pipeline/Pipeline.php(125): App\Http\Middleware\VerifyCsrfToken->handle(Object(Illuminate\Http\Request), Object(Closure))
#42 /homepages/34/d339594821/htdocs/subdomain/bobby/vendor/laravel/framework/src/Illuminate/View/Middleware/ShareErrorsFromSession.php(55): Illuminate\Pipeline\Pipeline->Illuminate\Pipeline\{closure}(Object(Illuminate\Http\Request))
#43 /homepages/34/d339594821/htdocs/subdomain/bobby/vendor/laravel/framework/src/Illuminate/Pipeline/Pipeline.php(125): Illuminate\View\Middleware\ShareErrorsFromSession->handle(Object(Illuminate\Http\Request), Object(Closure))
#44 /homepages/34/d339594821/htdocs/subdomain/bobby/vendor/laravel/framework/src/Illuminate/Session/Middleware/StartSession.php(61): Illuminate\Pipeline\Pipeline->Illuminate\Pipeline\{closure}(Object(Illuminate\Http\Request))
#45 /homepages/34/d339594821/htdocs/subdomain/bobby/vendor/laravel/framework/src/Illuminate/Pipeline/Pipeline.php(125): Illuminate\Session\Middleware\StartSession->handle(Object(Illuminate\Http\Request), Object(Closure))
#46 /homepages/34/d339594821/htdocs/subdomain/bobby/vendor/laravel/framework/src/Illuminate/Cookie/Middleware/AddQueuedCookiesToResponse.php(36): Illuminate\Pipeline\Pipeline->Illuminate\Pipeline\{closure}(Object(Illuminate\Http\Request))
#47 /homepages/34/d339594821/htdocs/subdomain/bobby/vendor/laravel/framework/src/Illuminate/Pipeline/Pipeline.php(125): Illuminate\Cookie\Middleware\AddQueuedCookiesToResponse->handle(Object(Illuminate\Http\Request), Object(Closure))
#48 /homepages/34/d339594821/htdocs/subdomain/bobby/vendor/laravel/framework/src/Illuminate/Cookie/Middleware/EncryptCookies.php(40): Illuminate\Pipeline\Pipeline->Illuminate\Pipeline\{closure}(Object(Illuminate\Http\Request))
#49 /homepages/34/d339594821/htdocs/subdomain/bobby/vendor/laravel/framework/src/Illuminate/Pipeline/Pipeline.php(125): Illuminate\Cookie\Middleware\EncryptCookies->handle(Object(Illuminate\Http\Request), Object(Closure))
#50 /homepages/34/d339594821/htdocs/subdomain/bobby/vendor/laravel/framework/src/Illuminate/Foundation/Http/Middleware/CheckForMaintenanceMode.php(42): Illuminate\Pipeline\Pipeline->Illuminate\Pipeline\{closure}(Object(Illuminate\Http\Request))
#51 /homepages/34/d339594821/htdocs/subdomain/bobby/vendor/laravel/framework/src/Illuminate/Pipeline/Pipeline.php(125): Illuminate\Foundation\Http\Middleware\CheckForMaintenanceMode->handle(Object(Illuminate\Http\Request), Object(Closure))
#52 [internal function]: Illuminate\Pipeline\Pipeline->Illuminate\Pipeline\{closure}(Object(Illuminate\Http\Request))
#53 /homepages/34/d339594821/htdocs/subdomain/bobby/vendor/laravel/framework/src/Illuminate/Pipeline/Pipeline.php(101): call_user_func(Object(Closure), Object(Illuminate\Http\Request))
#54 /homepages/34/d339594821/htdocs/subdomain/bobby/vendor/laravel/framework/src/Illuminate/Foundation/Http/Kernel.php(115): Illuminate\Pipeline\Pipeline->then(Object(Closure))
#55 /homepages/34/d339594821/htdocs/subdomain/bobby/vendor/laravel/framework/src/Illuminate/Foundation/Http/Kernel.php(84): Illuminate\Foundation\Http\Kernel->sendRequestThroughRouter(Object(Illuminate\Http\Request))
#56 /homepages/34/d339594821/htdocs/subdomain/bobby/public/index.php(53): Illuminate\Foundation\Http\Kernel->handle(Object(Illuminate\Http\Request))
#57 {main}  
[2015-09-15 12:45:57] local.ERROR: exception 'Swift_RfcComplianceException' with message 'Address in mailbox given [admin] does not comply with RFC 2822, 3.6.2.' in /homepages/34/d339594821/htdocs/subdomain/bobby/vendor/swiftmailer/swiftmailer/lib/classes/Swift/Mime/Headers/MailboxHeader.php:348
Stack trace:
#0 /homepages/34/d339594821/htdocs/subdomain/bobby/vendor/swiftmailer/swiftmailer/lib/classes/Swift/Mime/Headers/MailboxHeader.php(263): Swift_Mime_Headers_MailboxHeader->_assertValidAddress('admin')
#1 /homepages/34/d339594821/htdocs/subdomain/bobby/vendor/swiftmailer/swiftmailer/lib/classes/Swift/Mime/Headers/MailboxHeader.php(106): Swift_Mime_Headers_MailboxHeader->normalizeMailboxes(Array)
#2 /homepages/34/d339594821/htdocs/subdomain/bobby/vendor/swiftmailer/swiftmailer/lib/classes/Swift/Mime/Headers/MailboxHeader.php(63): Swift_Mime_Headers_MailboxHeader->setNameAddresses(Array)
#3 /homepages/34/d339594821/htdocs/subdomain/bobby/vendor/swiftmailer/swiftmailer/lib/classes/Swift/Mime/SimpleHeaderFactory.php(58): Swift_Mime_Headers_MailboxHeader->setFieldBodyModel(Array)
#4 /homepages/34/d339594821/htdocs/subdomain/bobby/vendor/swiftmailer/swiftmailer/lib/classes/Swift/Mime/SimpleHeaderSet.php(68): Swift_Mime_SimpleHeaderFactory->createMailboxHeader('To', Array)
#5 /homepages/34/d339594821/htdocs/subdomain/bobby/vendor/swiftmailer/swiftmailer/lib/classes/Swift/Mime/SimpleMessage.php(323): Swift_Mime_SimpleHeaderSet->addMailboxHeader('To', Array)
#6 /homepages/34/d339594821/htdocs/subdomain/bobby/vendor/swiftmailer/swiftmailer/lib/classes/Swift/Mime/SimpleMessage.php(299): Swift_Mime_SimpleMessage->setTo(Array)
#7 /homepages/34/d339594821/htdocs/subdomain/bobby/vendor/laravel/framework/src/Illuminate/Mail/Message.php(131): Swift_Mime_SimpleMessage->addTo('admin', ' ')
#8 /homepages/34/d339594821/htdocs/subdomain/bobby/vendor/laravel/framework/src/Illuminate/Mail/Message.php(76): Illuminate\Mail\Message->addAddresses('admin', ' ', 'To')
#9 /homepages/34/d339594821/htdocs/subdomain/bobby/app/Http/Controllers/UsersController.php(134): Illuminate\Mail\Message->to('admin', ' ')
#10 [internal function]: App\Http\Controllers\UsersController->App\Http\Controllers\{closure}(Object(Illuminate\Mail\Message))
#11 /homepages/34/d339594821/htdocs/subdomain/bobby/vendor/laravel/framework/src/Illuminate/Mail/Mailer.php(400): call_user_func(Object(Closure), Object(Illuminate\Mail\Message))
#12 /homepages/34/d339594821/htdocs/subdomain/bobby/vendor/laravel/framework/src/Illuminate/Mail/Mailer.php(159): Illuminate\Mail\Mailer->callMessageBuilder(Object(Closure), Object(Illuminate\Mail\Message))
#13 /homepages/34/d339594821/htdocs/subdomain/bobby/vendor/laravel/framework/src/Illuminate/Support/Facades/Facade.php(216): Illuminate\Mail\Mailer->send('emails.welcome', Array, Object(Closure))
#14 /homepages/34/d339594821/htdocs/subdomain/bobby/app/Http/Controllers/UsersController.php(136): Illuminate\Support\Facades\Facade::__callStatic('send', Array)
#15 /homepages/34/d339594821/htdocs/subdomain/bobby/app/Http/Controllers/UsersController.php(136): Illuminate\Support\Facades\Mail::send('emails.welcome', Array, Object(Closure))
#16 [internal function]: App\Http\Controllers\UsersController->register()
#17 /homepages/34/d339594821/htdocs/subdomain/bobby/vendor/laravel/framework/src/Illuminate/Routing/Controller.php(246): call_user_func_array(Array, Array)
#18 /homepages/34/d339594821/htdocs/subdomain/bobby/vendor/laravel/framework/src/Illuminate/Routing/ControllerDispatcher.php(162): Illuminate\Routing\Controller->callAction('register', Array)
#19 /homepages/34/d339594821/htdocs/subdomain/bobby/vendor/laravel/framework/src/Illuminate/Routing/ControllerDispatcher.php(107): Illuminate\Routing\ControllerDispatcher->call(Object(App\Http\Controllers\UsersController), Object(Illuminate\Routing\Route), 'register')
#20 [internal function]: Illuminate\Routing\ControllerDispatcher->Illuminate\Routing\{closure}(Object(Illuminate\Http\Request))
#21 /homepages/34/d339594821/htdocs/subdomain/bobby/vendor/laravel/framework/src/Illuminate/Pipeline/Pipeline.php(141): call_user_func(Object(Closure), Object(Illuminate\Http\Request))
#22 [internal function]: Illuminate\Pipeline\Pipeline->Illuminate\Pipeline\{closure}(Object(Illuminate\Http\Request))
#23 /homepages/34/d339594821/htdocs/subdomain/bobby/vendor/laravel/framework/src/Illuminate/Pipeline/Pipeline.php(101): call_user_func(Object(Closure), Object(Illuminate\Http\Request))
#24 /homepages/34/d339594821/htdocs/subdomain/bobby/vendor/laravel/framework/src/Illuminate/Routing/ControllerDispatcher.php(108): Illuminate\Pipeline\Pipeline->then(Object(Closure))
#25 /homepages/34/d339594821/htdocs/subdomain/bobby/vendor/laravel/framework/src/Illuminate/Routing/ControllerDispatcher.php(67): Illuminate\Routing\ControllerDispatcher->callWithinStack(Object(App\Http\Controllers\UsersController), Object(Illuminate\Routing\Route), Object(Illuminate\Http\Request), 'register')
#26 /homepages/34/d339594821/htdocs/subdomain/bobby/vendor/laravel/framework/src/Illuminate/Routing/Route.php(204): Illuminate\Routing\ControllerDispatcher->dispatch(Object(Illuminate\Routing\Route), Object(Illuminate\Http\Request), 'App\\Http\\Contro...', 'register')
#27 /homepages/34/d339594821/htdocs/subdomain/bobby/vendor/laravel/framework/src/Illuminate/Routing/Route.php(134): Illuminate\Routing\Route->runWithCustomDispatcher(Object(Illuminate\Http\Request))
#28 /homepages/34/d339594821/htdocs/subdomain/bobby/vendor/laravel/framework/src/Illuminate/Routing/Router.php(701): Illuminate\Routing\Route->run(Object(Illuminate\Http\Request))
#29 [internal function]: Illuminate\Routing\Router->Illuminate\Routing\{closure}(Object(Illuminate\Http\Request))
#30 /homepages/34/d339594821/htdocs/subdomain/bobby/vendor/laravel/framework/src/Illuminate/Pipeline/Pipeline.php(141): call_user_func(Object(Closure), Object(Illuminate\Http\Request))
#31 [internal function]: Illuminate\Pipeline\Pipeline->Illuminate\Pipeline\{closure}(Object(Illuminate\Http\Request))
#32 /homepages/34/d339594821/htdocs/subdomain/bobby/vendor/laravel/framework/src/Illuminate/Pipeline/Pipeline.php(101): call_user_func(Object(Closure), Object(Illuminate\Http\Request))
#33 /homepages/34/d339594821/htdocs/subdomain/bobby/vendor/laravel/framework/src/Illuminate/Routing/Router.php(703): Illuminate\Pipeline\Pipeline->then(Object(Closure))
#34 /homepages/34/d339594821/htdocs/subdomain/bobby/vendor/laravel/framework/src/Illuminate/Routing/Router.php(670): Illuminate\Routing\Router->runRouteWithinStack(Object(Illuminate\Routing\Route), Object(Illuminate\Http\Request))
#35 /homepages/34/d339594821/htdocs/subdomain/bobby/vendor/laravel/framework/src/Illuminate/Routing/Router.php(628): Illuminate\Routing\Router->dispatchToRoute(Object(Illuminate\Http\Request))
#36 /homepages/34/d339594821/htdocs/subdomain/bobby/vendor/laravel/framework/src/Illuminate/Foundation/Http/Kernel.php(214): Illuminate\Routing\Router->dispatch(Object(Illuminate\Http\Request))
#37 [internal function]: Illuminate\Foundation\Http\Kernel->Illuminate\Foundation\Http\{closure}(Object(Illuminate\Http\Request))
#38 /homepages/34/d339594821/htdocs/subdomain/bobby/vendor/laravel/framework/src/Illuminate/Pipeline/Pipeline.php(141): call_user_func(Object(Closure), Object(Illuminate\Http\Request))
#39 /homepages/34/d339594821/htdocs/subdomain/bobby/vendor/laravel/framework/src/Illuminate/Foundation/Http/Middleware/VerifyCsrfToken.php(43): Illuminate\Pipeline\Pipeline->Illuminate\Pipeline\{closure}(Object(Illuminate\Http\Request))
#40 /homepages/34/d339594821/htdocs/subdomain/bobby/app/Http/Middleware/VerifyCsrfToken.php(17): Illuminate\Foundation\Http\Middleware\VerifyCsrfToken->handle(Object(Illuminate\Http\Request), Object(Closure))
#41 /homepages/34/d339594821/htdocs/subdomain/bobby/vendor/laravel/framework/src/Illuminate/Pipeline/Pipeline.php(125): App\Http\Middleware\VerifyCsrfToken->handle(Object(Illuminate\Http\Request), Object(Closure))
#42 /homepages/34/d339594821/htdocs/subdomain/bobby/vendor/laravel/framework/src/Illuminate/View/Middleware/ShareErrorsFromSession.php(55): Illuminate\Pipeline\Pipeline->Illuminate\Pipeline\{closure}(Object(Illuminate\Http\Request))
#43 /homepages/34/d339594821/htdocs/subdomain/bobby/vendor/laravel/framework/src/Illuminate/Pipeline/Pipeline.php(125): Illuminate\View\Middleware\ShareErrorsFromSession->handle(Object(Illuminate\Http\Request), Object(Closure))
#44 /homepages/34/d339594821/htdocs/subdomain/bobby/vendor/laravel/framework/src/Illuminate/Session/Middleware/StartSession.php(61): Illuminate\Pipeline\Pipeline->Illuminate\Pipeline\{closure}(Object(Illuminate\Http\Request))
#45 /homepages/34/d339594821/htdocs/subdomain/bobby/vendor/laravel/framework/src/Illuminate/Pipeline/Pipeline.php(125): Illuminate\Session\Middleware\StartSession->handle(Object(Illuminate\Http\Request), Object(Closure))
#46 /homepages/34/d339594821/htdocs/subdomain/bobby/vendor/laravel/framework/src/Illuminate/Cookie/Middleware/AddQueuedCookiesToResponse.php(36): Illuminate\Pipeline\Pipeline->Illuminate\Pipeline\{closure}(Object(Illuminate\Http\Request))
#47 /homepages/34/d339594821/htdocs/subdomain/bobby/vendor/laravel/framework/src/Illuminate/Pipeline/Pipeline.php(125): Illuminate\Cookie\Middleware\AddQueuedCookiesToResponse->handle(Object(Illuminate\Http\Request), Object(Closure))
#48 /homepages/34/d339594821/htdocs/subdomain/bobby/vendor/laravel/framework/src/Illuminate/Cookie/Middleware/EncryptCookies.php(40): Illuminate\Pipeline\Pipeline->Illuminate\Pipeline\{closure}(Object(Illuminate\Http\Request))
#49 /homepages/34/d339594821/htdocs/subdomain/bobby/vendor/laravel/framework/src/Illuminate/Pipeline/Pipeline.php(125): Illuminate\Cookie\Middleware\EncryptCookies->handle(Object(Illuminate\Http\Request), Object(Closure))
#50 /homepages/34/d339594821/htdocs/subdomain/bobby/vendor/laravel/framework/src/Illuminate/Foundation/Http/Middleware/CheckForMaintenanceMode.php(42): Illuminate\Pipeline\Pipeline->Illuminate\Pipeline\{closure}(Object(Illuminate\Http\Request))
#51 /homepages/34/d339594821/htdocs/subdomain/bobby/vendor/laravel/framework/src/Illuminate/Pipeline/Pipeline.php(125): Illuminate\Foundation\Http\Middleware\CheckForMaintenanceMode->handle(Object(Illuminate\Http\Request), Object(Closure))
#52 [internal function]: Illuminate\Pipeline\Pipeline->Illuminate\Pipeline\{closure}(Object(Illuminate\Http\Request))
#53 /homepages/34/d339594821/htdocs/subdomain/bobby/vendor/laravel/framework/src/Illuminate/Pipeline/Pipeline.php(101): call_user_func(Object(Closure), Object(Illuminate\Http\Request))
#54 /homepages/34/d339594821/htdocs/subdomain/bobby/vendor/laravel/framework/src/Illuminate/Foundation/Http/Kernel.php(115): Illuminate\Pipeline\Pipeline->then(Object(Closure))
#55 /homepages/34/d339594821/htdocs/subdomain/bobby/vendor/laravel/framework/src/Illuminate/Foundation/Http/Kernel.php(84): Illuminate\Foundation\Http\Kernel->sendRequestThroughRouter(Object(Illuminate\Http\Request))
#56 /homepages/34/d339594821/htdocs/subdomain/bobby/public/index.php(53): Illuminate\Foundation\Http\Kernel->handle(Object(Illuminate\Http\Request))
#57 {main}  
[2015-09-15 12:46:50] local.ERROR: exception 'Swift_RfcComplianceException' with message 'Address in mailbox given [admin] does not comply with RFC 2822, 3.6.2.' in /homepages/34/d339594821/htdocs/subdomain/bobby/vendor/swiftmailer/swiftmailer/lib/classes/Swift/Mime/Headers/MailboxHeader.php:348
Stack trace:
#0 /homepages/34/d339594821/htdocs/subdomain/bobby/vendor/swiftmailer/swiftmailer/lib/classes/Swift/Mime/Headers/MailboxHeader.php(263): Swift_Mime_Headers_MailboxHeader->_assertValidAddress('admin')
#1 /homepages/34/d339594821/htdocs/subdomain/bobby/vendor/swiftmailer/swiftmailer/lib/classes/Swift/Mime/Headers/MailboxHeader.php(106): Swift_Mime_Headers_MailboxHeader->normalizeMailboxes(Array)
#2 /homepages/34/d339594821/htdocs/subdomain/bobby/vendor/swiftmailer/swiftmailer/lib/classes/Swift/Mime/Headers/MailboxHeader.php(63): Swift_Mime_Headers_MailboxHeader->setNameAddresses(Array)
#3 /homepages/34/d339594821/htdocs/subdomain/bobby/vendor/swiftmailer/swiftmailer/lib/classes/Swift/Mime/SimpleHeaderFactory.php(58): Swift_Mime_Headers_MailboxHeader->setFieldBodyModel(Array)
#4 /homepages/34/d339594821/htdocs/subdomain/bobby/vendor/swiftmailer/swiftmailer/lib/classes/Swift/Mime/SimpleHeaderSet.php(68): Swift_Mime_SimpleHeaderFactory->createMailboxHeader('To', Array)
#5 /homepages/34/d339594821/htdocs/subdomain/bobby/vendor/swiftmailer/swiftmailer/lib/classes/Swift/Mime/SimpleMessage.php(323): Swift_Mime_SimpleHeaderSet->addMailboxHeader('To', Array)
#6 /homepages/34/d339594821/htdocs/subdomain/bobby/vendor/swiftmailer/swiftmailer/lib/classes/Swift/Mime/SimpleMessage.php(299): Swift_Mime_SimpleMessage->setTo(Array)
#7 /homepages/34/d339594821/htdocs/subdomain/bobby/vendor/laravel/framework/src/Illuminate/Mail/Message.php(131): Swift_Mime_SimpleMessage->addTo('admin', ' ')
#8 /homepages/34/d339594821/htdocs/subdomain/bobby/vendor/laravel/framework/src/Illuminate/Mail/Message.php(76): Illuminate\Mail\Message->addAddresses('admin', ' ', 'To')
#9 /homepages/34/d339594821/htdocs/subdomain/bobby/app/Http/Controllers/UsersController.php(134): Illuminate\Mail\Message->to('admin', ' ')
#10 [internal function]: App\Http\Controllers\UsersController->App\Http\Controllers\{closure}(Object(Illuminate\Mail\Message))
#11 /homepages/34/d339594821/htdocs/subdomain/bobby/vendor/laravel/framework/src/Illuminate/Mail/Mailer.php(400): call_user_func(Object(Closure), Object(Illuminate\Mail\Message))
#12 /homepages/34/d339594821/htdocs/subdomain/bobby/vendor/laravel/framework/src/Illuminate/Mail/Mailer.php(159): Illuminate\Mail\Mailer->callMessageBuilder(Object(Closure), Object(Illuminate\Mail\Message))
#13 /homepages/34/d339594821/htdocs/subdomain/bobby/vendor/laravel/framework/src/Illuminate/Support/Facades/Facade.php(216): Illuminate\Mail\Mailer->send('emails.welcome', Array, Object(Closure))
#14 /homepages/34/d339594821/htdocs/subdomain/bobby/app/Http/Controllers/UsersController.php(136): Illuminate\Support\Facades\Facade::__callStatic('send', Array)
#15 /homepages/34/d339594821/htdocs/subdomain/bobby/app/Http/Controllers/UsersController.php(136): Illuminate\Support\Facades\Mail::send('emails.welcome', Array, Object(Closure))
#16 [internal function]: App\Http\Controllers\UsersController->register()
#17 /homepages/34/d339594821/htdocs/subdomain/bobby/vendor/laravel/framework/src/Illuminate/Routing/Controller.php(246): call_user_func_array(Array, Array)
#18 /homepages/34/d339594821/htdocs/subdomain/bobby/vendor/laravel/framework/src/Illuminate/Routing/ControllerDispatcher.php(162): Illuminate\Routing\Controller->callAction('register', Array)
#19 /homepages/34/d339594821/htdocs/subdomain/bobby/vendor/laravel/framework/src/Illuminate/Routing/ControllerDispatcher.php(107): Illuminate\Routing\ControllerDispatcher->call(Object(App\Http\Controllers\UsersController), Object(Illuminate\Routing\Route), 'register')
#20 [internal function]: Illuminate\Routing\ControllerDispatcher->Illuminate\Routing\{closure}(Object(Illuminate\Http\Request))
#21 /homepages/34/d339594821/htdocs/subdomain/bobby/vendor/laravel/framework/src/Illuminate/Pipeline/Pipeline.php(141): call_user_func(Object(Closure), Object(Illuminate\Http\Request))
#22 [internal function]: Illuminate\Pipeline\Pipeline->Illuminate\Pipeline\{closure}(Object(Illuminate\Http\Request))
#23 /homepages/34/d339594821/htdocs/subdomain/bobby/vendor/laravel/framework/src/Illuminate/Pipeline/Pipeline.php(101): call_user_func(Object(Closure), Object(Illuminate\Http\Request))
#24 /homepages/34/d339594821/htdocs/subdomain/bobby/vendor/laravel/framework/src/Illuminate/Routing/ControllerDispatcher.php(108): Illuminate\Pipeline\Pipeline->then(Object(Closure))
#25 /homepages/34/d339594821/htdocs/subdomain/bobby/vendor/laravel/framework/src/Illuminate/Routing/ControllerDispatcher.php(67): Illuminate\Routing\ControllerDispatcher->callWithinStack(Object(App\Http\Controllers\UsersController), Object(Illuminate\Routing\Route), Object(Illuminate\Http\Request), 'register')
#26 /homepages/34/d339594821/htdocs/subdomain/bobby/vendor/laravel/framework/src/Illuminate/Routing/Route.php(204): Illuminate\Routing\ControllerDispatcher->dispatch(Object(Illuminate\Routing\Route), Object(Illuminate\Http\Request), 'App\\Http\\Contro...', 'register')
#27 /homepages/34/d339594821/htdocs/subdomain/bobby/vendor/laravel/framework/src/Illuminate/Routing/Route.php(134): Illuminate\Routing\Route->runWithCustomDispatcher(Object(Illuminate\Http\Request))
#28 /homepages/34/d339594821/htdocs/subdomain/bobby/vendor/laravel/framework/src/Illuminate/Routing/Router.php(701): Illuminate\Routing\Route->run(Object(Illuminate\Http\Request))
#29 [internal function]: Illuminate\Routing\Router->Illuminate\Routing\{closure}(Object(Illuminate\Http\Request))
#30 /homepages/34/d339594821/htdocs/subdomain/bobby/vendor/laravel/framework/src/Illuminate/Pipeline/Pipeline.php(141): call_user_func(Object(Closure), Object(Illuminate\Http\Request))
#31 [internal function]: Illuminate\Pipeline\Pipeline->Illuminate\Pipeline\{closure}(Object(Illuminate\Http\Request))
#32 /homepages/34/d339594821/htdocs/subdomain/bobby/vendor/laravel/framework/src/Illuminate/Pipeline/Pipeline.php(101): call_user_func(Object(Closure), Object(Illuminate\Http\Request))
#33 /homepages/34/d339594821/htdocs/subdomain/bobby/vendor/laravel/framework/src/Illuminate/Routing/Router.php(703): Illuminate\Pipeline\Pipeline->then(Object(Closure))
#34 /homepages/34/d339594821/htdocs/subdomain/bobby/vendor/laravel/framework/src/Illuminate/Routing/Router.php(670): Illuminate\Routing\Router->runRouteWithinStack(Object(Illuminate\Routing\Route), Object(Illuminate\Http\Request))
#35 /homepages/34/d339594821/htdocs/subdomain/bobby/vendor/laravel/framework/src/Illuminate/Routing/Router.php(628): Illuminate\Routing\Router->dispatchToRoute(Object(Illuminate\Http\Request))
#36 /homepages/34/d339594821/htdocs/subdomain/bobby/vendor/laravel/framework/src/Illuminate/Foundation/Http/Kernel.php(214): Illuminate\Routing\Router->dispatch(Object(Illuminate\Http\Request))
#37 [internal function]: Illuminate\Foundation\Http\Kernel->Illuminate\Foundation\Http\{closure}(Object(Illuminate\Http\Request))
#38 /homepages/34/d339594821/htdocs/subdomain/bobby/vendor/laravel/framework/src/Illuminate/Pipeline/Pipeline.php(141): call_user_func(Object(Closure), Object(Illuminate\Http\Request))
#39 /homepages/34/d339594821/htdocs/subdomain/bobby/vendor/laravel/framework/src/Illuminate/Foundation/Http/Middleware/VerifyCsrfToken.php(43): Illuminate\Pipeline\Pipeline->Illuminate\Pipeline\{closure}(Object(Illuminate\Http\Request))
#40 /homepages/34/d339594821/htdocs/subdomain/bobby/app/Http/Middleware/VerifyCsrfToken.php(17): Illuminate\Foundation\Http\Middleware\VerifyCsrfToken->handle(Object(Illuminate\Http\Request), Object(Closure))
#41 /homepages/34/d339594821/htdocs/subdomain/bobby/vendor/laravel/framework/src/Illuminate/Pipeline/Pipeline.php(125): App\Http\Middleware\VerifyCsrfToken->handle(Object(Illuminate\Http\Request), Object(Closure))
#42 /homepages/34/d339594821/htdocs/subdomain/bobby/vendor/laravel/framework/src/Illuminate/View/Middleware/ShareErrorsFromSession.php(55): Illuminate\Pipeline\Pipeline->Illuminate\Pipeline\{closure}(Object(Illuminate\Http\Request))
#43 /homepages/34/d339594821/htdocs/subdomain/bobby/vendor/laravel/framework/src/Illuminate/Pipeline/Pipeline.php(125): Illuminate\View\Middleware\ShareErrorsFromSession->handle(Object(Illuminate\Http\Request), Object(Closure))
#44 /homepages/34/d339594821/htdocs/subdomain/bobby/vendor/laravel/framework/src/Illuminate/Session/Middleware/StartSession.php(61): Illuminate\Pipeline\Pipeline->Illuminate\Pipeline\{closure}(Object(Illuminate\Http\Request))
#45 /homepages/34/d339594821/htdocs/subdomain/bobby/vendor/laravel/framework/src/Illuminate/Pipeline/Pipeline.php(125): Illuminate\Session\Middleware\StartSession->handle(Object(Illuminate\Http\Request), Object(Closure))
#46 /homepages/34/d339594821/htdocs/subdomain/bobby/vendor/laravel/framework/src/Illuminate/Cookie/Middleware/AddQueuedCookiesToResponse.php(36): Illuminate\Pipeline\Pipeline->Illuminate\Pipeline\{closure}(Object(Illuminate\Http\Request))
#47 /homepages/34/d339594821/htdocs/subdomain/bobby/vendor/laravel/framework/src/Illuminate/Pipeline/Pipeline.php(125): Illuminate\Cookie\Middleware\AddQueuedCookiesToResponse->handle(Object(Illuminate\Http\Request), Object(Closure))
#48 /homepages/34/d339594821/htdocs/subdomain/bobby/vendor/laravel/framework/src/Illuminate/Cookie/Middleware/EncryptCookies.php(40): Illuminate\Pipeline\Pipeline->Illuminate\Pipeline\{closure}(Object(Illuminate\Http\Request))
#49 /homepages/34/d339594821/htdocs/subdomain/bobby/vendor/laravel/framework/src/Illuminate/Pipeline/Pipeline.php(125): Illuminate\Cookie\Middleware\EncryptCookies->handle(Object(Illuminate\Http\Request), Object(Closure))
#50 /homepages/34/d339594821/htdocs/subdomain/bobby/vendor/laravel/framework/src/Illuminate/Foundation/Http/Middleware/CheckForMaintenanceMode.php(42): Illuminate\Pipeline\Pipeline->Illuminate\Pipeline\{closure}(Object(Illuminate\Http\Request))
#51 /homepages/34/d339594821/htdocs/subdomain/bobby/vendor/laravel/framework/src/Illuminate/Pipeline/Pipeline.php(125): Illuminate\Foundation\Http\Middleware\CheckForMaintenanceMode->handle(Object(Illuminate\Http\Request), Object(Closure))
#52 [internal function]: Illuminate\Pipeline\Pipeline->Illuminate\Pipeline\{closure}(Object(Illuminate\Http\Request))
#53 /homepages/34/d339594821/htdocs/subdomain/bobby/vendor/laravel/framework/src/Illuminate/Pipeline/Pipeline.php(101): call_user_func(Object(Closure), Object(Illuminate\Http\Request))
#54 /homepages/34/d339594821/htdocs/subdomain/bobby/vendor/laravel/framework/src/Illuminate/Foundation/Http/Kernel.php(115): Illuminate\Pipeline\Pipeline->then(Object(Closure))
#55 /homepages/34/d339594821/htdocs/subdomain/bobby/vendor/laravel/framework/src/Illuminate/Foundation/Http/Kernel.php(84): Illuminate\Foundation\Http\Kernel->sendRequestThroughRouter(Object(Illuminate\Http\Request))
#56 /homepages/34/d339594821/htdocs/subdomain/bobby/public/index.php(53): Illuminate\Foundation\Http\Kernel->handle(Object(Illuminate\Http\Request))
#57 {main}  
[2015-09-15 12:47:51] local.ERROR: exception 'Swift_RfcComplianceException' with message 'Address in mailbox given [admin] does not comply with RFC 2822, 3.6.2.' in /homepages/34/d339594821/htdocs/subdomain/bobby/vendor/swiftmailer/swiftmailer/lib/classes/Swift/Mime/Headers/MailboxHeader.php:348
Stack trace:
#0 /homepages/34/d339594821/htdocs/subdomain/bobby/vendor/swiftmailer/swiftmailer/lib/classes/Swift/Mime/Headers/MailboxHeader.php(263): Swift_Mime_Headers_MailboxHeader->_assertValidAddress('admin')
#1 /homepages/34/d339594821/htdocs/subdomain/bobby/vendor/swiftmailer/swiftmailer/lib/classes/Swift/Mime/Headers/MailboxHeader.php(106): Swift_Mime_Headers_MailboxHeader->normalizeMailboxes(Array)
#2 /homepages/34/d339594821/htdocs/subdomain/bobby/vendor/swiftmailer/swiftmailer/lib/classes/Swift/Mime/Headers/MailboxHeader.php(63): Swift_Mime_Headers_MailboxHeader->setNameAddresses(Array)
#3 /homepages/34/d339594821/htdocs/subdomain/bobby/vendor/swiftmailer/swiftmailer/lib/classes/Swift/Mime/SimpleHeaderFactory.php(58): Swift_Mime_Headers_MailboxHeader->setFieldBodyModel(Array)
#4 /homepages/34/d339594821/htdocs/subdomain/bobby/vendor/swiftmailer/swiftmailer/lib/classes/Swift/Mime/SimpleHeaderSet.php(68): Swift_Mime_SimpleHeaderFactory->createMailboxHeader('To', Array)
#5 /homepages/34/d339594821/htdocs/subdomain/bobby/vendor/swiftmailer/swiftmailer/lib/classes/Swift/Mime/SimpleMessage.php(323): Swift_Mime_SimpleHeaderSet->addMailboxHeader('To', Array)
#6 /homepages/34/d339594821/htdocs/subdomain/bobby/vendor/swiftmailer/swiftmailer/lib/classes/Swift/Mime/SimpleMessage.php(299): Swift_Mime_SimpleMessage->setTo(Array)
#7 /homepages/34/d339594821/htdocs/subdomain/bobby/vendor/laravel/framework/src/Illuminate/Mail/Message.php(131): Swift_Mime_SimpleMessage->addTo('admin', ' ')
#8 /homepages/34/d339594821/htdocs/subdomain/bobby/vendor/laravel/framework/src/Illuminate/Mail/Message.php(76): Illuminate\Mail\Message->addAddresses('admin', ' ', 'To')
#9 /homepages/34/d339594821/htdocs/subdomain/bobby/app/Http/Controllers/UsersController.php(134): Illuminate\Mail\Message->to('admin', ' ')
#10 [internal function]: App\Http\Controllers\UsersController->App\Http\Controllers\{closure}(Object(Illuminate\Mail\Message))
#11 /homepages/34/d339594821/htdocs/subdomain/bobby/vendor/laravel/framework/src/Illuminate/Mail/Mailer.php(400): call_user_func(Object(Closure), Object(Illuminate\Mail\Message))
#12 /homepages/34/d339594821/htdocs/subdomain/bobby/vendor/laravel/framework/src/Illuminate/Mail/Mailer.php(159): Illuminate\Mail\Mailer->callMessageBuilder(Object(Closure), Object(Illuminate\Mail\Message))
#13 /homepages/34/d339594821/htdocs/subdomain/bobby/vendor/laravel/framework/src/Illuminate/Support/Facades/Facade.php(216): Illuminate\Mail\Mailer->send('emails.welcome', Array, Object(Closure))
#14 /homepages/34/d339594821/htdocs/subdomain/bobby/app/Http/Controllers/UsersController.php(136): Illuminate\Support\Facades\Facade::__callStatic('send', Array)
#15 /homepages/34/d339594821/htdocs/subdomain/bobby/app/Http/Controllers/UsersController.php(136): Illuminate\Support\Facades\Mail::send('emails.welcome', Array, Object(Closure))
#16 [internal function]: App\Http\Controllers\UsersController->register()
#17 /homepages/34/d339594821/htdocs/subdomain/bobby/vendor/laravel/framework/src/Illuminate/Routing/Controller.php(246): call_user_func_array(Array, Array)
#18 /homepages/34/d339594821/htdocs/subdomain/bobby/vendor/laravel/framework/src/Illuminate/Routing/ControllerDispatcher.php(162): Illuminate\Routing\Controller->callAction('register', Array)
#19 /homepages/34/d339594821/htdocs/subdomain/bobby/vendor/laravel/framework/src/Illuminate/Routing/ControllerDispatcher.php(107): Illuminate\Routing\ControllerDispatcher->call(Object(App\Http\Controllers\UsersController), Object(Illuminate\Routing\Route), 'register')
#20 [internal function]: Illuminate\Routing\ControllerDispatcher->Illuminate\Routing\{closure}(Object(Illuminate\Http\Request))
#21 /homepages/34/d339594821/htdocs/subdomain/bobby/vendor/laravel/framework/src/Illuminate/Pipeline/Pipeline.php(141): call_user_func(Object(Closure), Object(Illuminate\Http\Request))
#22 [internal function]: Illuminate\Pipeline\Pipeline->Illuminate\Pipeline\{closure}(Object(Illuminate\Http\Request))
#23 /homepages/34/d339594821/htdocs/subdomain/bobby/vendor/laravel/framework/src/Illuminate/Pipeline/Pipeline.php(101): call_user_func(Object(Closure), Object(Illuminate\Http\Request))
#24 /homepages/34/d339594821/htdocs/subdomain/bobby/vendor/laravel/framework/src/Illuminate/Routing/ControllerDispatcher.php(108): Illuminate\Pipeline\Pipeline->then(Object(Closure))
#25 /homepages/34/d339594821/htdocs/subdomain/bobby/vendor/laravel/framework/src/Illuminate/Routing/ControllerDispatcher.php(67): Illuminate\Routing\ControllerDispatcher->callWithinStack(Object(App\Http\Controllers\UsersController), Object(Illuminate\Routing\Route), Object(Illuminate\Http\Request), 'register')
#26 /homepages/34/d339594821/htdocs/subdomain/bobby/vendor/laravel/framework/src/Illuminate/Routing/Route.php(204): Illuminate\Routing\ControllerDispatcher->dispatch(Object(Illuminate\Routing\Route), Object(Illuminate\Http\Request), 'App\\Http\\Contro...', 'register')
#27 /homepages/34/d339594821/htdocs/subdomain/bobby/vendor/laravel/framework/src/Illuminate/Routing/Route.php(134): Illuminate\Routing\Route->runWithCustomDispatcher(Object(Illuminate\Http\Request))
#28 /homepages/34/d339594821/htdocs/subdomain/bobby/vendor/laravel/framework/src/Illuminate/Routing/Router.php(701): Illuminate\Routing\Route->run(Object(Illuminate\Http\Request))
#29 [internal function]: Illuminate\Routing\Router->Illuminate\Routing\{closure}(Object(Illuminate\Http\Request))
#30 /homepages/34/d339594821/htdocs/subdomain/bobby/vendor/laravel/framework/src/Illuminate/Pipeline/Pipeline.php(141): call_user_func(Object(Closure), Object(Illuminate\Http\Request))
#31 [internal function]: Illuminate\Pipeline\Pipeline->Illuminate\Pipeline\{closure}(Object(Illuminate\Http\Request))
#32 /homepages/34/d339594821/htdocs/subdomain/bobby/vendor/laravel/framework/src/Illuminate/Pipeline/Pipeline.php(101): call_user_func(Object(Closure), Object(Illuminate\Http\Request))
#33 /homepages/34/d339594821/htdocs/subdomain/bobby/vendor/laravel/framework/src/Illuminate/Routing/Router.php(703): Illuminate\Pipeline\Pipeline->then(Object(Closure))
#34 /homepages/34/d339594821/htdocs/subdomain/bobby/vendor/laravel/framework/src/Illuminate/Routing/Router.php(670): Illuminate\Routing\Router->runRouteWithinStack(Object(Illuminate\Routing\Route), Object(Illuminate\Http\Request))
#35 /homepages/34/d339594821/htdocs/subdomain/bobby/vendor/laravel/framework/src/Illuminate/Routing/Router.php(628): Illuminate\Routing\Router->dispatchToRoute(Object(Illuminate\Http\Request))
#36 /homepages/34/d339594821/htdocs/subdomain/bobby/vendor/laravel/framework/src/Illuminate/Foundation/Http/Kernel.php(214): Illuminate\Routing\Router->dispatch(Object(Illuminate\Http\Request))
#37 [internal function]: Illuminate\Foundation\Http\Kernel->Illuminate\Foundation\Http\{closure}(Object(Illuminate\Http\Request))
#38 /homepages/34/d339594821/htdocs/subdomain/bobby/vendor/laravel/framework/src/Illuminate/Pipeline/Pipeline.php(141): call_user_func(Object(Closure), Object(Illuminate\Http\Request))
#39 /homepages/34/d339594821/htdocs/subdomain/bobby/vendor/laravel/framework/src/Illuminate/Foundation/Http/Middleware/VerifyCsrfToken.php(43): Illuminate\Pipeline\Pipeline->Illuminate\Pipeline\{closure}(Object(Illuminate\Http\Request))
#40 /homepages/34/d339594821/htdocs/subdomain/bobby/app/Http/Middleware/VerifyCsrfToken.php(17): Illuminate\Foundation\Http\Middleware\VerifyCsrfToken->handle(Object(Illuminate\Http\Request), Object(Closure))
#41 /homepages/34/d339594821/htdocs/subdomain/bobby/vendor/laravel/framework/src/Illuminate/Pipeline/Pipeline.php(125): App\Http\Middleware\VerifyCsrfToken->handle(Object(Illuminate\Http\Request), Object(Closure))
#42 /homepages/34/d339594821/htdocs/subdomain/bobby/vendor/laravel/framework/src/Illuminate/View/Middleware/ShareErrorsFromSession.php(55): Illuminate\Pipeline\Pipeline->Illuminate\Pipeline\{closure}(Object(Illuminate\Http\Request))
#43 /homepages/34/d339594821/htdocs/subdomain/bobby/vendor/laravel/framework/src/Illuminate/Pipeline/Pipeline.php(125): Illuminate\View\Middleware\ShareErrorsFromSession->handle(Object(Illuminate\Http\Request), Object(Closure))
#44 /homepages/34/d339594821/htdocs/subdomain/bobby/vendor/laravel/framework/src/Illuminate/Session/Middleware/StartSession.php(61): Illuminate\Pipeline\Pipeline->Illuminate\Pipeline\{closure}(Object(Illuminate\Http\Request))
#45 /homepages/34/d339594821/htdocs/subdomain/bobby/vendor/laravel/framework/src/Illuminate/Pipeline/Pipeline.php(125): Illuminate\Session\Middleware\StartSession->handle(Object(Illuminate\Http\Request), Object(Closure))
#46 /homepages/34/d339594821/htdocs/subdomain/bobby/vendor/laravel/framework/src/Illuminate/Cookie/Middleware/AddQueuedCookiesToResponse.php(36): Illuminate\Pipeline\Pipeline->Illuminate\Pipeline\{closure}(Object(Illuminate\Http\Request))
#47 /homepages/34/d339594821/htdocs/subdomain/bobby/vendor/laravel/framework/src/Illuminate/Pipeline/Pipeline.php(125): Illuminate\Cookie\Middleware\AddQueuedCookiesToResponse->handle(Object(Illuminate\Http\Request), Object(Closure))
#48 /homepages/34/d339594821/htdocs/subdomain/bobby/vendor/laravel/framework/src/Illuminate/Cookie/Middleware/EncryptCookies.php(40): Illuminate\Pipeline\Pipeline->Illuminate\Pipeline\{closure}(Object(Illuminate\Http\Request))
#49 /homepages/34/d339594821/htdocs/subdomain/bobby/vendor/laravel/framework/src/Illuminate/Pipeline/Pipeline.php(125): Illuminate\Cookie\Middleware\EncryptCookies->handle(Object(Illuminate\Http\Request), Object(Closure))
#50 /homepages/34/d339594821/htdocs/subdomain/bobby/vendor/laravel/framework/src/Illuminate/Foundation/Http/Middleware/CheckForMaintenanceMode.php(42): Illuminate\Pipeline\Pipeline->Illuminate\Pipeline\{closure}(Object(Illuminate\Http\Request))
#51 /homepages/34/d339594821/htdocs/subdomain/bobby/vendor/laravel/framework/src/Illuminate/Pipeline/Pipeline.php(125): Illuminate\Foundation\Http\Middleware\CheckForMaintenanceMode->handle(Object(Illuminate\Http\Request), Object(Closure))
#52 [internal function]: Illuminate\Pipeline\Pipeline->Illuminate\Pipeline\{closure}(Object(Illuminate\Http\Request))
#53 /homepages/34/d339594821/htdocs/subdomain/bobby/vendor/laravel/framework/src/Illuminate/Pipeline/Pipeline.php(101): call_user_func(Object(Closure), Object(Illuminate\Http\Request))
#54 /homepages/34/d339594821/htdocs/subdomain/bobby/vendor/laravel/framework/src/Illuminate/Foundation/Http/Kernel.php(115): Illuminate\Pipeline\Pipeline->then(Object(Closure))
#55 /homepages/34/d339594821/htdocs/subdomain/bobby/vendor/laravel/framework/src/Illuminate/Foundation/Http/Kernel.php(84): Illuminate\Foundation\Http\Kernel->sendRequestThroughRouter(Object(Illuminate\Http\Request))
#56 /homepages/34/d339594821/htdocs/subdomain/bobby/public/index.php(53): Illuminate\Foundation\Http\Kernel->handle(Object(Illuminate\Http\Request))
#57 {main}  
